<?xml version="1.0" encoding="utf-8"?><testsuites name="pytest tests"><testsuite name="pytest" errors="0" failures="0" skipped="0" tests="18" time="2.719" timestamp="2026-04-13T18:35:58.204170+00:00" hostname="agent-env-909e2d03-78b7-4bfc-90ea-5a485891942f"><testcase classname="backend.tests.test_admin_blog" name="test_admin_auth_correct_password" time="0.252" /><testcase classname="backend.tests.test_admin_blog" name="test_admin_auth_wrong_password" time="0.121" /><testcase classname="backend.tests.test_admin_blog" name="test_admin_auth_no_password" time="0.146" /><testcase classname="backend.tests.test_admin_blog" name="test_admin_get_leads" time="0.119" /><testcase classname="backend.tests.test_admin_blog" name="test_admin_get_leads_unauthorized" time="0.136" /><testcase classname="backend.tests.test_admin_blog" name="test_admin_get_leads_with_search" time="0.121" /><testcase classname="backend.tests.test_admin_blog" name="test_admin_get_leads_with_service_filter" time="0.129" /><testcase classname="backend.tests.test_admin_blog" name="test_admin_export_leads_csv" time="0.139" /><testcase classname="backend.tests.test_admin_blog" name="test_admin_delete_lead_not_found" time="0.159" /><testcase classname="backend.tests.test_admin_blog" name="test_admin_get_analytics" time="0.132" /><testcase classname="backend.tests.test_admin_blog" name="test_admin_analytics_unauthorized" time="0.105" /><testcase classname="backend.tests.test_admin_blog" name="test_get_published_posts" time="0.122" /><testcase classname="backend.tests.test_admin_blog" name="test_get_blog_post_by_slug" time="0.112" /><testcase classname="backend.tests.test_admin_blog" name="test_get_blog_post_404" time="0.105" /><testcase classname="backend.tests.test_admin_blog" name="test_get_blog_with_tag_filter" time="0.107" /><testcase classname="backend.tests.test_admin_blog" name="test_admin_get_all_blog_posts" time="0.109" /><testcase classname="backend.tests.test_admin_blog" name="test_admin_create_update_delete_blog_post" time="0.363" /><testcase classname="backend.tests.test_admin_blog" name="test_admin_blog_unauthorized" time="0.117" /></testsuite></testsuites>