<?xml version="1.0" encoding="utf-8"?><testsuites name="pytest tests"><testsuite name="pytest" errors="0" failures="0" skipped="0" tests="5" time="0.944" timestamp="2026-04-13T18:22:06.099924+00:00" hostname="agent-env-909e2d03-78b7-4bfc-90ea-5a485891942f"><testcase classname="backend.tests.test_api" name="test_create_lead" time="0.232" /><testcase classname="backend.tests.test_api" name="test_get_leads" time="0.117" /><testcase classname="backend.tests.test_api" name="test_track_event" time="0.112" /><testcase classname="backend.tests.test_api" name="test_analytics_summary" time="0.188" /><testcase classname="backend.tests.test_api" name="test_create_lead_missing_phone" time="0.145" /></testsuite></testsuites>